This is pdfTeX, Version 3.1415926-2.5-1.40.14 (MiKTeX 2.9) (preloaded format=latex 2014.1.23)  16 SEP 2014 11:07
entering extended mode
**J:/FILE/JMMA/alex/JMMA_ultimo/JMMA_RETE/NON_UNIFORMI/RESULT_NU_JMMA.tex
(J:/FILE/JMMA/alex/JMMA_ultimo/JMMA_RETE/NON_UNIFORMI/RESULT_NU_JMMA.tex
LaTeX2e <2011/06/27>
Babel <v3.8m> and hyphenation patterns for english, afrikaans, ancientgreek, ar
abic, armenian, assamese, basque, bengali, bokmal, bulgarian, catalan, coptic, 
croatian, czech, danish, dutch, esperanto, estonian, farsi, finnish, french, ga
lician, german, german-x-2013-05-26, greek, gujarati, hindi, hungarian, iceland
ic, indonesian, interlingua, irish, italian, kannada, kurmanji, latin, latvian,
 lithuanian, malayalam, marathi, mongolian, mongolianlmc, monogreek, ngerman, n
german-x-2013-05-26, nynorsk, oriya, panjabi, pinyin, polish, portuguese, roman
ian, russian, sanskrit, serbian, slovak, slovenian, spanish, swedish, swissgerm
an, tamil, telugu, turkish, turkmen, ukenglish, ukrainian, uppersorbian, usengl
ishmax, welsh, loaded.
("C:\Program Files (x86)\MiKTeX 2.9\tex\latex\base\article.cls"
Document Class: article 2007/10/19 v1.4h Standard LaTeX document class
("C:\Program Files (x86)\MiKTeX 2.9\tex\latex\base\size12.clo"
File: size12.clo 2007/10/19 v1.4h Standard LaTeX file (size option)
)
\c@part=\count79
\c@section=\count80
\c@subsection=\count81
\c@subsubsection=\count82
\c@paragraph=\count83
\c@subparagraph=\count84
\c@figure=\count85
\c@table=\count86
\abovecaptionskip=\skip41
\belowcaptionskip=\skip42
\bibindent=\dimen102
)
("C:\Program Files (x86)\MiKTeX 2.9\tex\latex\graphics\color.sty"
Package: color 2005/11/14 v1.0j Standard LaTeX Color (DPC)

("C:\Program Files (x86)\MiKTeX 2.9\tex\latex\00miktex\color.cfg"
File: color.cfg 2007/01/18 v1.5 color configuration of teTeX/TeXLive
)
Package color Info: Driver file: dvips.def on input line 130.

("C:\Program Files (x86)\MiKTeX 2.9\tex\latex\graphics\dvips.def"
File: dvips.def 1999/02/16 v3.0i Driver-dependant file (DPC,SPQR)
)
("C:\Program Files (x86)\MiKTeX 2.9\tex\latex\graphics\dvipsnam.def"
File: dvipsnam.def 1999/02/16 v3.0i Driver-dependant file (DPC,SPQR)
))
(J:\FILE\JMMA\alex\JMMA_ultimo\JMMA_RETE\NON_UNIFORMI\RESULT_NU_JMMA.aux)
LaTeX Font Info:    Checking defaults for OML/cmm/m/it on input line 16.
LaTeX Font Info:    ... okay on input line 16.
LaTeX Font Info:    Checking defaults for T1/cmr/m/n on input line 16.
LaTeX Font Info:    ... okay on input line 16.
LaTeX Font Info:    Checking defaults for OT1/cmr/m/n on input line 16.
LaTeX Font Info:    ... okay on input line 16.
LaTeX Font Info:    Checking defaults for OMS/cmsy/m/n on input line 16.
LaTeX Font Info:    ... okay on input line 16.
LaTeX Font Info:    Checking defaults for OMX/cmex/m/n on input line 16.
LaTeX Font Info:    ... okay on input line 16.
LaTeX Font Info:    Checking defaults for U/cmr/m/n on input line 16.
LaTeX Font Info:    ... okay on input line 16.
LaTeX Font Info:    External font `cmex10' loaded for size
(Font)              <14.4> on input line 17.
LaTeX Font Info:    External font `cmex10' loaded for size
(Font)              <7> on input line 17.
LaTeX Font Info:    External font `cmex10' loaded for size
(Font)              <5> on input line 17.
LaTeX Font Info:    External font `cmex10' loaded for size
(Font)              <12> on input line 39.
LaTeX Font Info:    External font `cmex10' loaded for size
(Font)              <8> on input line 39.
LaTeX Font Info:    External font `cmex10' loaded for size
(Font)              <6> on input line 39.

Overfull \hbox (46.24716pt too wide) in paragraph at lines 39--69
[][][] 
 []

[1

] [2]
Overfull \hbox (3.58005pt too wide) in paragraph at lines 72--151
 [] 
 []

[3] [4]
Overfull \hbox (32.91293pt too wide) in paragraph at lines 226--305
 [] 
 []

[5]
Overfull \hbox (14.57988pt too wide) in paragraph at lines 308--378
 [] 
 []

[6]
Overfull \hbox (54.9126pt too wide) in paragraph at lines 381--460
 [] 
 []

[7]
Overfull \hbox (43.91277pt too wide) in paragraph at lines 463--532
 [] 
 []

[8]
Underfull \hbox (badness 10000) in paragraph at lines 550--552

 []

[9] (J:\FILE\JMMA\alex\JMMA_ultimo\JMMA_RETE\NON_UNIFORMI\RESULT_NU_JMMA.aux) )
 
Here is how much of TeX's memory you used:
 529 strings out of 493922
 7316 string characters out of 3144896
 102348 words of memory out of 3000000
 3884 multiletter control sequences out of 15000+200000
 9467 words of font info for 33 fonts, out of 3000000 for 9000
 841 hyphenation exceptions out of 8191
 28i,11n,19p,221b,288s stack positions out of 5000i,500n,10000p,200000b,50000s

Output written on RESULT_NU_JMMA.dvi (9 pages, 125864 bytes).
